This is pdfTeX, Version 3.141592653-2.6-1.40.25 (MiKTeX 23.10.12) (preloaded format=pdflatex 2023.12.14)  14 NOV 2024 08:29
entering extended mode
 restricted \write18 enabled.
 %&-line parsing enabled.
**"H:/Gore Cusco/Geragri/programa/analisis datos/analisis2/programariego/encues
tas.tex"

(H:/Gore Cusco/Geragri/programa/analisis datos/analisis2/programariego/encuesta
s.tex
LaTeX2e <2023-11-01>
L3 programming layer <2023-12-08>
(C:\Users\PERCY\AppData\Local\Programs\MiKTeX\tex/latex/base\article.cls
Document Class: article 2023/05/17 v1.4n Standard LaTeX document class
(C:\Users\PERCY\AppData\Local\Programs\MiKTeX\tex/latex/base\size10.clo
File: size10.clo 2023/05/17 v1.4n Standard LaTeX file (size option)
)
\c@part=\count187
\c@section=\count188
\c@subsection=\count189
\c@subsubsection=\count190
\c@paragraph=\count191
\c@subparagraph=\count192
\c@figure=\count193
\c@table=\count194
\abovecaptionskip=\skip48
\belowcaptionskip=\skip49
\bibindent=\dimen140
) (C:\Users\PERCY\AppData\Local\Programs\MiKTeX\tex/latex/graphics\graphicx.sty
Package: graphicx 2021/09/16 v1.2d Enhanced LaTeX Graphics (DPC,SPQR)
(C:\Users\PERCY\AppData\Local\Programs\MiKTeX\tex/latex/graphics\keyval.sty
Package: keyval 2022/05/29 v1.15 key=value parser (DPC)
\KV@toks@=\toks17
) (C:\Users\PERCY\AppData\Local\Programs\MiKTeX\tex/latex/graphics\graphics.sty
Package: graphics 2022/03/10 v1.4e Standard LaTeX Graphics (DPC,SPQR)
(C:\Users\PERCY\AppData\Local\Programs\MiKTeX\tex/latex/graphics\trig.sty
Package: trig 2021/08/11 v1.11 sin cos tan (DPC)
)
(C:\Users\PERCY\AppData\Local\Programs\MiKTeX\tex/latex/graphics-cfg\graphics.c
fg
File: graphics.cfg 2016/06/04 v1.11 sample graphics configuration
)
Package graphics Info: Driver file: pdftex.def on input line 107.

(C:\Users\PERCY\AppData\Local\Programs\MiKTeX\tex/latex/graphics-def\pdftex.def
File: pdftex.def 2022/09/22 v1.2b Graphics/color driver for pdftex
))
\Gin@req@height=\dimen141
\Gin@req@width=\dimen142
) (C:\Users\PERCY\AppData\Local\Programs\MiKTeX\tex/latex/xcolor\xcolor.sty
Package: xcolor 2023/11/15 v3.01 LaTeX color extensions (UK)
(C:\Users\PERCY\AppData\Local\Programs\MiKTeX\tex/latex/graphics-cfg\color.cfg
File: color.cfg 2016/01/02 v1.6 sample color configuration
)
Package xcolor Info: Driver file: pdftex.def on input line 274.
(C:\Users\PERCY\AppData\Local\Programs\MiKTeX\tex/latex/graphics\mathcolor.ltx)
Package xcolor Info: Model `cmy' substituted by `cmy0' on input line 1350.
Package xcolor Info: Model `hsb' substituted by `rgb' on input line 1354.
Package xcolor Info: Model `RGB' extended on input line 1366.
Package xcolor Info: Model `HTML' substituted by `rgb' on input line 1368.
Package xcolor Info: Model `Hsb' substituted by `hsb' on input line 1369.
Package xcolor Info: Model `tHsb' substituted by `hsb' on input line 1370.
Package xcolor Info: Model `HSB' substituted by `hsb' on input line 1371.
Package xcolor Info: Model `Gray' substituted by `gray' on input line 1372.
Package xcolor Info: Model `wave' substituted by `hsb' on input line 1373.
) (C:\Users\PERCY\AppData\Local\Programs\MiKTeX\tex/latex/colortbl\colortbl.sty
Package: colortbl 2022/06/20 v1.0f Color table columns (DPC)
(C:\Users\PERCY\AppData\Local\Programs\MiKTeX\tex/latex/tools\array.sty
Package: array 2023/10/16 v2.5g Tabular extension package (FMi)
\col@sep=\dimen143
\ar@mcellbox=\box51
\extrarowheight=\dimen144
\NC@list=\toks18
\extratabsurround=\skip50
\backup@length=\skip51
\ar@cellbox=\box52
)
\everycr=\toks19
\minrowclearance=\skip52
\rownum=\count195
) (C:\Users\PERCY\AppData\Local\Programs\MiKTeX\tex/latex/framed\framed.sty
Package: framed 2011/10/22 v 0.96: framed or shaded text with page breaks
\OuterFrameSep=\skip53
\fb@frw=\dimen145
\fb@frh=\dimen146
\FrameRule=\dimen147
\FrameSep=\dimen148
) (C:\Users\PERCY\AppData\Local\Programs\MiKTeX\tex/latex/base\alltt.sty
Package: alltt 2021/01/29 v2.0g defines alltt environment
) (C:\Users\PERCY\AppData\Local\Programs\MiKTeX\tex/latex/base\inputenc.sty
Package: inputenc 2021/02/14 v1.3d Input encoding file
\inpenc@prehook=\toks20
\inpenc@posthook=\toks21
) (C:\Users\PERCY\AppData\Local\Programs\MiKTeX\tex/latex/float\float.sty
Package: float 2001/11/08 v1.3d Float enhancements (AL)
\c@float@type=\count196
\float@exts=\toks22
\float@box=\box53
\@float@everytoks=\toks23
\@floatcapt=\box54
) (C:\Users\PERCY\AppData\Local\Programs\MiKTeX\tex/latex/booktabs\booktabs.sty
Package: booktabs 2020/01/12 v1.61803398 Publication quality tables
\heavyrulewidth=\dimen149
\lightrulewidth=\dimen150
\cmidrulewidth=\dimen151
\belowrulesep=\dimen152
\belowbottomsep=\dimen153
\aboverulesep=\dimen154
\abovetopsep=\dimen155
\cmidrulesep=\dimen156
\cmidrulekern=\dimen157
\defaultaddspace=\dimen158
\@cmidla=\count197
\@cmidlb=\count198
\@aboverulesep=\dimen159
\@belowrulesep=\dimen160
\@thisruleclass=\count199
\@lastruleclass=\count266
\@thisrulewidth=\dimen161
) (C:\Users\PERCY\AppData\Local\Programs\MiKTeX\tex/latex/comment\comment.sty
\CommentStream=\write3
Excluding comment 'comment') (C:\Users\PERCY\AppData\Local\Programs\MiKTeX\tex/
latex/caption\caption.sty
Package: caption 2023/08/05 v3.6o Customizing captions (AR)
(C:\Users\PERCY\AppData\Local\Programs\MiKTeX\tex/latex/caption\caption3.sty
Package: caption3 2023/07/31 v2.4d caption3 kernel (AR)
\caption@tempdima=\dimen162
\captionmargin=\dimen163
\caption@leftmargin=\dimen164
\caption@rightmargin=\dimen165
\caption@width=\dimen166
\caption@indent=\dimen167
\caption@parindent=\dimen168
\caption@hangindent=\dimen169
Package caption Info: Standard document class detected.
)
\c@caption@flags=\count267
\c@continuedfloat=\count268
Package caption Info: float package is loaded.
) (C:\Users\PERCY\AppData\Local\Programs\MiKTeX\tex/latex/upquote\upquote.sty
Package: upquote 2012/04/19 v1.3 upright-quote and grave-accent glyphs in verba
tim
)
(C:\Users\PERCY\AppData\Local\Programs\MiKTeX\tex/latex/l3backend\l3backend-pdf
tex.def
File: l3backend-pdftex.def 2023-11-09 L3 backend support: PDF output (pdfTeX)
\l__color_backend_stack_int=\count269
\l__pdf_internal_box=\box55
)
No file encuestas.aux.
\openout1 = `encuestas.aux'.

LaTeX Font Info:    Checking defaults for OML/cmm/m/it on input line 87.
LaTeX Font Info:    ... okay on input line 87.
LaTeX Font Info:    Checking defaults for OMS/cmsy/m/n on input line 87.
LaTeX Font Info:    ... okay on input line 87.
LaTeX Font Info:    Checking defaults for OT1/cmr/m/n on input line 87.
LaTeX Font Info:    ... okay on input line 87.
LaTeX Font Info:    Checking defaults for T1/cmr/m/n on input line 87.
LaTeX Font Info:    ... okay on input line 87.
LaTeX Font Info:    Checking defaults for TS1/cmr/m/n on input line 87.
LaTeX Font Info:    ... okay on input line 87.
LaTeX Font Info:    Checking defaults for OMX/cmex/m/n on input line 87.
LaTeX Font Info:    ... okay on input line 87.
LaTeX Font Info:    Checking defaults for U/cmr/m/n on input line 87.
LaTeX Font Info:    ... okay on input line 87.

(C:\Users\PERCY\AppData\Local\Programs\MiKTeX\tex/context/base/mkii\supp-pdf.mk
ii
[Loading MPS to PDF converter (version 2006.09.02).]
\scratchcounter=\count270
\scratchdimen=\dimen170
\scratchbox=\box56
\nofMPsegments=\count271
\nofMParguments=\count272
\everyMPshowfont=\toks24
\MPscratchCnt=\count273
\MPscratchDim=\dimen171
\MPnumerator=\count274
\makeMPintoPDFobject=\count275
\everyMPtoPDFconversion=\toks25
)
(C:\Users\PERCY\AppData\Local\Programs\MiKTeX\tex/latex/epstopdf-pkg\epstopdf-b
ase.sty
Package: epstopdf-base 2020-01-24 v2.11 Base part for package epstopdf
Package epstopdf-base Info: Redefining graphics rule for `.eps' on input line 4
85.

(C:\Users\PERCY\AppData\Local\Programs\MiKTeX\tex/latex/00miktex\epstopdf-sys.c
fg
File: epstopdf-sys.cfg 2021/03/18 v2.0 Configuration of epstopdf for MiKTeX
))
Package caption Info: Begin \AtBeginDocument code.
Package caption Info: End \AtBeginDocument code.
LaTeX Font Info:    External font `cmex10' loaded for size
(Font)              <7> on input line 97.
LaTeX Font Info:    External font `cmex10' loaded for size
(Font)              <5> on input line 97.

Underfull \hbox (badness 10000) in paragraph at lines 91--113

 []

<figure/fig_uno-1.pdf, id=1, 505.89pt x 289.08pt>
File: figure/fig_uno-1.pdf Graphic file (type pdf)
<use figure/fig_uno-1.pdf>
Package pdftex.def Info: figure/fig_uno-1.pdf  used on input line 119.
(pdftex.def)             Requested size: 345.0pt x 197.14522pt.
[1

{C:/Users/PERCY/AppData/Local/MiKTeX/fonts/map/pdftex/pdftex.map} <./figure/fig
_uno-1.pdf>]
<H:/Gore Cusco/Geragri/programa/analisis datos/fotos/1.jpg, id=13, 4143.48pt x 
3107.61pt>
File: H:/Gore Cusco/Geragri/programa/analisis datos/fotos/1.jpg Graphic file (t
ype jpg)
<use H:/Gore Cusco/Geragri/programa/analisis datos/fotos/1.jpg>
Package pdftex.def Info: H:/Gore Cusco/Geragri/programa/analisis datos/fotos/1.
jpg  used on input line 126.
(pdftex.def)             Requested size: 199.15665pt x 199.15665pt.
[2 <H:/Gore Cusco/Geragri/programa/analisis datos/fotos/1.jpg>]
<figure/fig_dos-1.pdf, id=17, 289.08pt x 216.81pt>
File: figure/fig_dos-1.pdf Graphic file (type pdf)
<use figure/fig_dos-1.pdf>
Package pdftex.def Info: figure/fig_dos-1.pdf  used on input line 152.
(pdftex.def)             Requested size: 289.07928pt x 216.81938pt.
<figure/fig_tres-1.pdf, id=18, 505.89pt x 361.35pt>
File: figure/fig_tres-1.pdf Graphic file (type pdf)
<use figure/fig_tres-1.pdf>
Package pdftex.def Info: figure/fig_tres-1.pdf  used on input line 185.
(pdftex.def)             Requested size: 345.0pt x 246.43153pt.
[3 <./figure/fig_dos-1.pdf>]
<H:/Gore Cusco/Geragri/programa/analisis datos/fotos/2.jpg, id=27, 4143.48pt x 
3107.61pt>
File: H:/Gore Cusco/Geragri/programa/analisis datos/fotos/2.jpg Graphic file (t
ype jpg)
<use H:/Gore Cusco/Geragri/programa/analisis datos/fotos/2.jpg>
Package pdftex.def Info: H:/Gore Cusco/Geragri/programa/analisis datos/fotos/2.
jpg  used on input line 191.
(pdftex.def)             Requested size: 199.15665pt x 199.15665pt.
[4 <./figure/fig_tres-1.pdf>]
<figure/fig_cinco-1.pdf, id=36, 505.89pt x 361.35pt>
File: figure/fig_cinco-1.pdf Graphic file (type pdf)
<use figure/fig_cinco-1.pdf>
Package pdftex.def Info: figure/fig_cinco-1.pdf  used on input line 218.
(pdftex.def)             Requested size: 345.0pt x 246.43153pt.
[5 <H:/Gore Cusco/Geragri/programa/analisis datos/fotos/2.jpg>]
<H:/Gore Cusco/Geragri/programa/analisis datos/fotos/3.jpg, id=40, 3107.61pt x 
4143.48pt>
File: H:/Gore Cusco/Geragri/programa/analisis datos/fotos/3.jpg Graphic file (t
ype jpg)
<use H:/Gore Cusco/Geragri/programa/analisis datos/fotos/3.jpg>
Package pdftex.def Info: H:/Gore Cusco/Geragri/programa/analisis datos/fotos/3.
jpg  used on input line 224.
(pdftex.def)             Requested size: 199.15665pt x 199.15665pt.
[6 <./figure/fig_cinco-1.pdf>]
<figure/fig_seis-1.pdf, id=49, 505.89pt x 361.35pt>
File: figure/fig_seis-1.pdf Graphic file (type pdf)
<use figure/fig_seis-1.pdf>
Package pdftex.def Info: figure/fig_seis-1.pdf  used on input line 252.
(pdftex.def)             Requested size: 345.0pt x 246.43153pt.
[7 <H:/Gore Cusco/Geragri/programa/analisis datos/fotos/3.jpg>]
<H:/Gore Cusco/Geragri/programa/analisis datos/fotos/4.jpg, id=54, 4143.48pt x 
3107.61pt>
File: H:/Gore Cusco/Geragri/programa/analisis datos/fotos/4.jpg Graphic file (t
ype jpg)
<use H:/Gore Cusco/Geragri/programa/analisis datos/fotos/4.jpg>
Package pdftex.def Info: H:/Gore Cusco/Geragri/programa/analisis datos/fotos/4.
jpg  used on input line 258.
(pdftex.def)             Requested size: 199.15665pt x 199.15665pt.
[8 <./figure/fig_seis-1.pdf>]
<figure/fig_siete-1.pdf, id=63, 505.89pt x 361.35pt>
File: figure/fig_siete-1.pdf Graphic file (type pdf)
<use figure/fig_siete-1.pdf>
Package pdftex.def Info: figure/fig_siete-1.pdf  used on input line 285.
(pdftex.def)             Requested size: 345.0pt x 246.43153pt.
[9 <H:/Gore Cusco/Geragri/programa/analisis datos/fotos/4.jpg>]
<H:/Gore Cusco/Geragri/programa/analisis datos/fotos/5.jpg, id=67, 4143.48pt x 
3107.61pt>
File: H:/Gore Cusco/Geragri/programa/analisis datos/fotos/5.jpg Graphic file (t
ype jpg)
<use H:/Gore Cusco/Geragri/programa/analisis datos/fotos/5.jpg>
Package pdftex.def Info: H:/Gore Cusco/Geragri/programa/analisis datos/fotos/5.
jpg  used on input line 291.
(pdftex.def)             Requested size: 199.15665pt x 199.15665pt.
[10 <./figure/fig_siete-1.pdf>]
<figure/fig_ocho-1.pdf, id=76, 505.89pt x 361.35pt>
File: figure/fig_ocho-1.pdf Graphic file (type pdf)
<use figure/fig_ocho-1.pdf>
Package pdftex.def Info: figure/fig_ocho-1.pdf  used on input line 321.
(pdftex.def)             Requested size: 345.0pt x 246.43153pt.
[11 <H:/Gore Cusco/Geragri/programa/analisis datos/fotos/5.jpg>]
<H:/Gore Cusco/Geragri/programa/analisis datos/fotos/6.jpg, id=80, 4143.48pt x 
3107.61pt>
File: H:/Gore Cusco/Geragri/programa/analisis datos/fotos/6.jpg Graphic file (t
ype jpg)
<use H:/Gore Cusco/Geragri/programa/analisis datos/fotos/6.jpg>
Package pdftex.def Info: H:/Gore Cusco/Geragri/programa/analisis datos/fotos/6.
jpg  used on input line 327.
(pdftex.def)             Requested size: 199.15665pt x 199.15665pt.
[12 <./figure/fig_ocho-1.pdf>]
<figure/fig_nueve-1.pdf, id=89, 505.89pt x 361.35pt>
File: figure/fig_nueve-1.pdf Graphic file (type pdf)
<use figure/fig_nueve-1.pdf>
Package pdftex.def Info: figure/fig_nueve-1.pdf  used on input line 352.
(pdftex.def)             Requested size: 345.0pt x 246.43153pt.
[13 <H:/Gore Cusco/Geragri/programa/analisis datos/fotos/6.jpg>]
<H:/Gore Cusco/Geragri/programa/analisis datos/fotos/7.jpg, id=94, 4143.48pt x 
3107.61pt>
File: H:/Gore Cusco/Geragri/programa/analisis datos/fotos/7.jpg Graphic file (t
ype jpg)
<use H:/Gore Cusco/Geragri/programa/analisis datos/fotos/7.jpg>
Package pdftex.def Info: H:/Gore Cusco/Geragri/programa/analisis datos/fotos/7.
jpg  used on input line 358.
(pdftex.def)             Requested size: 199.15665pt x 199.15665pt.
[14 <./figure/fig_nueve-1.pdf>]
<figure/fig_diez-1.pdf, id=103, 505.89pt x 361.35pt>
File: figure/fig_diez-1.pdf Graphic file (type pdf)
<use figure/fig_diez-1.pdf>
Package pdftex.def Info: figure/fig_diez-1.pdf  used on input line 384.
(pdftex.def)             Requested size: 345.0pt x 246.43153pt.
[15 <H:/Gore Cusco/Geragri/programa/analisis datos/fotos/7.jpg>]
<H:/Gore Cusco/Geragri/programa/analisis datos/fotos/8.jpg, id=107, 4143.48pt x
 3107.61pt>
File: H:/Gore Cusco/Geragri/programa/analisis datos/fotos/8.jpg Graphic file (t
ype jpg)
<use H:/Gore Cusco/Geragri/programa/analisis datos/fotos/8.jpg>
Package pdftex.def Info: H:/Gore Cusco/Geragri/programa/analisis datos/fotos/8.
jpg  used on input line 390.
(pdftex.def)             Requested size: 199.15665pt x 199.15665pt.
[16 <./figure/fig_diez-1.pdf>]
<figure/fig_once-1.pdf, id=116, 505.89pt x 361.35pt>
File: figure/fig_once-1.pdf Graphic file (type pdf)
<use figure/fig_once-1.pdf>
Package pdftex.def Info: figure/fig_once-1.pdf  used on input line 419.
(pdftex.def)             Requested size: 345.0pt x 246.43153pt.
[17 <H:/Gore Cusco/Geragri/programa/analisis datos/fotos/8.jpg>]
<H:/Gore Cusco/Geragri/programa/analisis datos/fotos/9.jpg, id=120, 4143.48pt x
 3107.61pt>
File: H:/Gore Cusco/Geragri/programa/analisis datos/fotos/9.jpg Graphic file (t
ype jpg)
<use H:/Gore Cusco/Geragri/programa/analisis datos/fotos/9.jpg>
Package pdftex.def Info: H:/Gore Cusco/Geragri/programa/analisis datos/fotos/9.
jpg  used on input line 425.
(pdftex.def)             Requested size: 199.15665pt x 199.15665pt.
[18 <./figure/fig_once-1.pdf>]
<figure/fig_doce-1.pdf, id=129, 505.89pt x 361.35pt>
File: figure/fig_doce-1.pdf Graphic file (type pdf)
<use figure/fig_doce-1.pdf>
Package pdftex.def Info: figure/fig_doce-1.pdf  used on input line 449.
(pdftex.def)             Requested size: 345.0pt x 246.43153pt.
[19 <H:/Gore Cusco/Geragri/programa/analisis datos/fotos/9.jpg>]
<H:/Gore Cusco/Geragri/programa/analisis datos/fotos/10.jpg, id=134, 4143.48pt 
x 3107.61pt>
File: H:/Gore Cusco/Geragri/programa/analisis datos/fotos/10.jpg Graphic file (
type jpg)
<use H:/Gore Cusco/Geragri/programa/analisis datos/fotos/10.jpg>
Package pdftex.def Info: H:/Gore Cusco/Geragri/programa/analisis datos/fotos/10
.jpg  used on input line 455.
(pdftex.def)             Requested size: 199.15665pt x 199.15665pt.
[20 <./figure/fig_doce-1.pdf>] Excluding 'comment' comment.
<figure/fig_catorce-1.pdf, id=143, 505.89pt x 361.35pt>
File: figure/fig_catorce-1.pdf Graphic file (type pdf)
<use figure/fig_catorce-1.pdf>
Package pdftex.def Info: figure/fig_catorce-1.pdf  used on input line 502.
(pdftex.def)             Requested size: 345.0pt x 246.43153pt.
[21 <H:/Gore Cusco/Geragri/programa/analisis datos/fotos/10.jpg>]
<H:/Gore Cusco/Geragri/programa/analisis datos/fotos/12.jpg, id=147, 4143.48pt 
x 3107.61pt>
File: H:/Gore Cusco/Geragri/programa/analisis datos/fotos/12.jpg Graphic file (
type jpg)
<use H:/Gore Cusco/Geragri/programa/analisis datos/fotos/12.jpg>
Package pdftex.def Info: H:/Gore Cusco/Geragri/programa/analisis datos/fotos/12
.jpg  used on input line 508.
(pdftex.def)             Requested size: 199.15665pt x 199.15665pt.
[22 <./figure/fig_catorce-1.pdf>]
<figure/fig_quince-1.pdf, id=156, 505.89pt x 361.35pt>
File: figure/fig_quince-1.pdf Graphic file (type pdf)
<use figure/fig_quince-1.pdf>
Package pdftex.def Info: figure/fig_quince-1.pdf  used on input line 535.
(pdftex.def)             Requested size: 345.0pt x 246.43153pt.
[23 <H:/Gore Cusco/Geragri/programa/analisis datos/fotos/12.jpg>]
<H:/Gore Cusco/Geragri/programa/analisis datos/fotos/13.jpg, id=160, 4143.48pt 
x 3107.61pt>
File: H:/Gore Cusco/Geragri/programa/analisis datos/fotos/13.jpg Graphic file (
type jpg)
<use H:/Gore Cusco/Geragri/programa/analisis datos/fotos/13.jpg>
Package pdftex.def Info: H:/Gore Cusco/Geragri/programa/analisis datos/fotos/13
.jpg  used on input line 539.
(pdftex.def)             Requested size: 199.15665pt x 199.15665pt.
[24 <./figure/fig_quince-1.pdf>]
LaTeX Font Info:    Font shape `OT1/cmtt/bx/n' in size <10> not available
(Font)              Font shape `OT1/cmtt/m/n' tried instead on input line 564.
<figure/fig_dieciseis-1.pdf, id=169, 505.89pt x 361.35pt>
File: figure/fig_dieciseis-1.pdf Graphic file (type pdf)
<use figure/fig_dieciseis-1.pdf>
Package pdftex.def Info: figure/fig_dieciseis-1.pdf  used on input line 573.
(pdftex.def)             Requested size: 345.0pt x 246.43153pt.
[25 <H:/Gore Cusco/Geragri/programa/analisis datos/fotos/13.jpg>]
<H:/Gore Cusco/Geragri/programa/analisis datos/fotos/14.jpg, id=175, 4143.48pt 
x 3107.61pt>
File: H:/Gore Cusco/Geragri/programa/analisis datos/fotos/14.jpg Graphic file (
type jpg)
<use H:/Gore Cusco/Geragri/programa/analisis datos/fotos/14.jpg>
Package pdftex.def Info: H:/Gore Cusco/Geragri/programa/analisis datos/fotos/14
.jpg  used on input line 578.
(pdftex.def)             Requested size: 199.15665pt x 199.15665pt.
[26 <./figure/fig_dieciseis-1.pdf>]
<figure/fig_diesiete-1.pdf, id=184, 505.89pt x 361.35pt>
File: figure/fig_diesiete-1.pdf Graphic file (type pdf)
<use figure/fig_diesiete-1.pdf>
Package pdftex.def Info: figure/fig_diesiete-1.pdf  used on input line 606.
(pdftex.def)             Requested size: 345.0pt x 246.43153pt.
[27 <H:/Gore Cusco/Geragri/programa/analisis datos/fotos/14.jpg>]
<H:/Gore Cusco/Geragri/programa/analisis datos/fotos/15.jpg, id=188, 4143.48pt 
x 3107.61pt>
File: H:/Gore Cusco/Geragri/programa/analisis datos/fotos/15.jpg Graphic file (
type jpg)
<use H:/Gore Cusco/Geragri/programa/analisis datos/fotos/15.jpg>
Package pdftex.def Info: H:/Gore Cusco/Geragri/programa/analisis datos/fotos/15
.jpg  used on input line 610.
(pdftex.def)             Requested size: 199.15665pt x 199.15665pt.
[28 <./figure/fig_diesiete-1.pdf>]
<figure/fig_dieciocho-1.pdf, id=197, 505.89pt x 361.35pt>
File: figure/fig_dieciocho-1.pdf Graphic file (type pdf)
<use figure/fig_dieciocho-1.pdf>
Package pdftex.def Info: figure/fig_dieciocho-1.pdf  used on input line 637.
(pdftex.def)             Requested size: 345.0pt x 246.43153pt.
[29 <H:/Gore Cusco/Geragri/programa/analisis datos/fotos/15.jpg>]
<H:/Gore Cusco/Geragri/programa/analisis datos/fotos/16.jpg, id=201, 1606.0pt x
 1204.5pt>
File: H:/Gore Cusco/Geragri/programa/analisis datos/fotos/16.jpg Graphic file (
type jpg)
<use H:/Gore Cusco/Geragri/programa/analisis datos/fotos/16.jpg>
Package pdftex.def Info: H:/Gore Cusco/Geragri/programa/analisis datos/fotos/16
.jpg  used on input line 641.
(pdftex.def)             Requested size: 199.15665pt x 199.15665pt.
[30 <./figure/fig_dieciocho-1.pdf>] Excluding 'comment' comment.
<figure/fig_veinte-1.pdf, id=210, 505.89pt x 361.35pt>
File: figure/fig_veinte-1.pdf Graphic file (type pdf)
<use figure/fig_veinte-1.pdf>
Package pdftex.def Info: figure/fig_veinte-1.pdf  used on input line 806.
(pdftex.def)             Requested size: 345.0pt x 246.43153pt.
[31 <H:/Gore Cusco/Geragri/programa/analisis datos/fotos/16.jpg>]
<H:/Gore Cusco/Geragri/programa/analisis datos/fotos/18.jpg, id=215, 4143.48pt 
x 3107.61pt>
File: H:/Gore Cusco/Geragri/programa/analisis datos/fotos/18.jpg Graphic file (
type jpg)
<use H:/Gore Cusco/Geragri/programa/analisis datos/fotos/18.jpg>
Package pdftex.def Info: H:/Gore Cusco/Geragri/programa/analisis datos/fotos/18
.jpg  used on input line 810.
(pdftex.def)             Requested size: 199.15665pt x 199.15665pt.
[32 <./figure/fig_veinte-1.pdf>] Excluding 'comment' comment.
<figure/fig_veintidos-1.pdf, id=224, 505.89pt x 361.35pt>
File: figure/fig_veintidos-1.pdf Graphic file (type pdf)
<use figure/fig_veintidos-1.pdf>
Package pdftex.def Info: figure/fig_veintidos-1.pdf  used on input line 869.
(pdftex.def)             Requested size: 345.0pt x 246.43153pt.
[33 <H:/Gore Cusco/Geragri/programa/analisis datos/fotos/18.jpg>]
<H:/Gore Cusco/Geragri/programa/analisis datos/fotos/20.jpg, id=228, 4175.6pt x
 3131.7pt>
File: H:/Gore Cusco/Geragri/programa/analisis datos/fotos/20.jpg Graphic file (
type jpg)
<use H:/Gore Cusco/Geragri/programa/analisis datos/fotos/20.jpg>
Package pdftex.def Info: H:/Gore Cusco/Geragri/programa/analisis datos/fotos/20
.jpg  used on input line 873.
(pdftex.def)             Requested size: 199.10764pt x 199.12357pt.
[34 <./figure/fig_veintidos-1.pdf>]
<figure/fig_veintitres-1.pdf, id=237, 505.89pt x 361.35pt>
File: figure/fig_veintitres-1.pdf Graphic file (type pdf)
<use figure/fig_veintitres-1.pdf>
Package pdftex.def Info: figure/fig_veintitres-1.pdf  used on input line 897.
(pdftex.def)             Requested size: 345.0pt x 246.43153pt.
[35 <H:/Gore Cusco/Geragri/programa/analisis datos/fotos/20.jpg>]
<H:/Gore Cusco/Geragri/programa/analisis datos/fotos/21.jpg, id=241, 2457.18pt 
x 3276.24pt>
File: H:/Gore Cusco/Geragri/programa/analisis datos/fotos/21.jpg Graphic file (
type jpg)
<use H:/Gore Cusco/Geragri/programa/analisis datos/fotos/21.jpg>
Package pdftex.def Info: H:/Gore Cusco/Geragri/programa/analisis datos/fotos/21
.jpg  used on input line 903.
(pdftex.def)             Requested size: 199.16547pt x 199.16547pt.
[36 <./figure/fig_veintitres-1.pdf>]
<figure/fig_veinticuatro-1.pdf, id=250, 505.89pt x 361.35pt>
File: figure/fig_veinticuatro-1.pdf Graphic file (type pdf)
<use figure/fig_veinticuatro-1.pdf>
Package pdftex.def Info: figure/fig_veinticuatro-1.pdf  used on input line 930.

(pdftex.def)             Requested size: 345.0pt x 246.43153pt.
[37 <H:/Gore Cusco/Geragri/programa/analisis datos/fotos/21.jpg>]
<H:/Gore Cusco/Geragri/programa/analisis datos/fotos/22.jpg, id=255, 4143.48pt 
x 3107.61pt>
File: H:/Gore Cusco/Geragri/programa/analisis datos/fotos/22.jpg Graphic file (
type jpg)
<use H:/Gore Cusco/Geragri/programa/analisis datos/fotos/22.jpg>
Package pdftex.def Info: H:/Gore Cusco/Geragri/programa/analisis datos/fotos/22
.jpg  used on input line 934.
(pdftex.def)             Requested size: 199.15665pt x 199.15665pt.
[38 <./figure/fig_veinticuatro-1.pdf>]
<figure/fig_veinticinco-1.pdf, id=264, 505.89pt x 361.35pt>
File: figure/fig_veinticinco-1.pdf Graphic file (type pdf)
<use figure/fig_veinticinco-1.pdf>
Package pdftex.def Info: figure/fig_veinticinco-1.pdf  used on input line 959.
(pdftex.def)             Requested size: 345.0pt x 246.43153pt.
[39 <H:/Gore Cusco/Geragri/programa/analisis datos/fotos/22.jpg>]
<H:/Gore Cusco/Geragri/programa/analisis datos/fotos/23.jpg, id=268, 4143.48pt 
x 3107.61pt>
File: H:/Gore Cusco/Geragri/programa/analisis datos/fotos/23.jpg Graphic file (
type jpg)
<use H:/Gore Cusco/Geragri/programa/analisis datos/fotos/23.jpg>
Package pdftex.def Info: H:/Gore Cusco/Geragri/programa/analisis datos/fotos/23
.jpg  used on input line 963.
(pdftex.def)             Requested size: 199.15665pt x 199.15665pt.
[40 <./figure/fig_veinticinco-1.pdf>]
<figure/fig_veintiseis-1.pdf, id=277, 505.89pt x 361.35pt>
File: figure/fig_veintiseis-1.pdf Graphic file (type pdf)
<use figure/fig_veintiseis-1.pdf>
Package pdftex.def Info: figure/fig_veintiseis-1.pdf  used on input line 991.
(pdftex.def)             Requested size: 345.0pt x 246.43153pt.
[41 <H:/Gore Cusco/Geragri/programa/analisis datos/fotos/23.jpg>]
<H:/Gore Cusco/Geragri/programa/analisis datos/fotos/24.jpg, id=281, 4143.48pt 
x 3107.61pt>
File: H:/Gore Cusco/Geragri/programa/analisis datos/fotos/24.jpg Graphic file (
type jpg)
<use H:/Gore Cusco/Geragri/programa/analisis datos/fotos/24.jpg>
Package pdftex.def Info: H:/Gore Cusco/Geragri/programa/analisis datos/fotos/24
.jpg  used on input line 995.
(pdftex.def)             Requested size: 199.15665pt x 199.15665pt.
[42 <./figure/fig_veintiseis-1.pdf>]
<figure/fig_veintisiete-1.pdf, id=290, 505.89pt x 361.35pt>
File: figure/fig_veintisiete-1.pdf Graphic file (type pdf)
<use figure/fig_veintisiete-1.pdf>
Package pdftex.def Info: figure/fig_veintisiete-1.pdf  used on input line 1020.

(pdftex.def)             Requested size: 345.0pt x 246.43153pt.
[43 <H:/Gore Cusco/Geragri/programa/analisis datos/fotos/24.jpg>]
<H:/Gore Cusco/Geragri/programa/analisis datos/fotos/25.jpg, id=295, 3107.61pt 
x 4143.48pt>
File: H:/Gore Cusco/Geragri/programa/analisis datos/fotos/25.jpg Graphic file (
type jpg)
<use H:/Gore Cusco/Geragri/programa/analisis datos/fotos/25.jpg>
Package pdftex.def Info: H:/Gore Cusco/Geragri/programa/analisis datos/fotos/25
.jpg  used on input line 1024.
(pdftex.def)             Requested size: 199.15665pt x 199.15665pt.
[44 <./figure/fig_veintisiete-1.pdf>]
Overfull \hbox (39.61107pt too wide) in paragraph at lines 1068--1068
 [][] 
 []

[45 <H:/Gore Cusco/Geragri/programa/analisis datos/fotos/25.jpg>]
<figure/fig_veintiocho-1.pdf, id=307, 505.89pt x 505.89pt>
File: figure/fig_veintiocho-1.pdf Graphic file (type pdf)
<use figure/fig_veintiocho-1.pdf>
Package pdftex.def Info: figure/fig_veintiocho-1.pdf  used on input line 1077.
(pdftex.def)             Requested size: 345.0pt x 345.00414pt.
[46]
<H:/Gore Cusco/Geragri/programa/analisis datos/fotos/26.jpg, id=311, 3854.4pt x
 2168.1pt>
File: H:/Gore Cusco/Geragri/programa/analisis datos/fotos/26.jpg Graphic file (
type jpg)
<use H:/Gore Cusco/Geragri/programa/analisis datos/fotos/26.jpg>
Package pdftex.def Info: H:/Gore Cusco/Geragri/programa/analisis datos/fotos/26
.jpg  used on input line 1081.
(pdftex.def)             Requested size: 199.14194pt x 199.15665pt.
[47 <./figure/fig_veintiocho-1.pdf>]
<figure/fig_veintinueve-1.pdf, id=320, 505.89pt x 361.35pt>
File: figure/fig_veintinueve-1.pdf Graphic file (type pdf)
<use figure/fig_veintinueve-1.pdf>
Package pdftex.def Info: figure/fig_veintinueve-1.pdf  used on input line 1109.

(pdftex.def)             Requested size: 345.0pt x 246.43153pt.
[48 <H:/Gore Cusco/Geragri/programa/analisis datos/fotos/26.jpg>]
<H:/Gore Cusco/Geragri/programa/analisis datos/fotos/27.jpg, id=324, 4143.48pt 
x 3107.61pt>
File: H:/Gore Cusco/Geragri/programa/analisis datos/fotos/27.jpg Graphic file (
type jpg)
<use H:/Gore Cusco/Geragri/programa/analisis datos/fotos/27.jpg>
Package pdftex.def Info: H:/Gore Cusco/Geragri/programa/analisis datos/fotos/27
.jpg  used on input line 1114.
(pdftex.def)             Requested size: 199.15665pt x 199.15665pt.
[49 <./figure/fig_veintinueve-1.pdf>]
<figure/fig_treinta-1.pdf, id=334, 505.89pt x 361.35pt>
File: figure/fig_treinta-1.pdf Graphic file (type pdf)
<use figure/fig_treinta-1.pdf>
Package pdftex.def Info: figure/fig_treinta-1.pdf  used on input line 1141.
(pdftex.def)             Requested size: 345.0pt x 246.43153pt.
[50 <H:/Gore Cusco/Geragri/programa/analisis datos/fotos/27.jpg>]
<H:/Gore Cusco/Geragri/programa/analisis datos/fotos/28.jpg, id=338, 4143.48pt 
x 3107.61pt>
File: H:/Gore Cusco/Geragri/programa/analisis datos/fotos/28.jpg Graphic file (
type jpg)
<use H:/Gore Cusco/Geragri/programa/analisis datos/fotos/28.jpg>
Package pdftex.def Info: H:/Gore Cusco/Geragri/programa/analisis datos/fotos/28
.jpg  used on input line 1145.
(pdftex.def)             Requested size: 199.15665pt x 199.15665pt.
[51 <./figure/fig_treinta-1.pdf>]
Overfull \hbox (81.76393pt too wide) in paragraph at lines 1168--1168
 [][] 
 []

<figure/fig_treintayuno-1.pdf, id=347, 505.89pt x 361.35pt>
File: figure/fig_treintayuno-1.pdf Graphic file (type pdf)
<use figure/fig_treintayuno-1.pdf>
Package pdftex.def Info: figure/fig_treintayuno-1.pdf  used on input line 1177.

(pdftex.def)             Requested size: 345.0pt x 246.43153pt.
[52 <H:/Gore Cusco/Geragri/programa/analisis datos/fotos/28.jpg>]
<H:/Gore Cusco/Geragri/programa/analisis datos/fotos/29.jpg, id=351, 4143.48pt 
x 3107.61pt>
File: H:/Gore Cusco/Geragri/programa/analisis datos/fotos/29.jpg Graphic file (
type jpg)
<use H:/Gore Cusco/Geragri/programa/analisis datos/fotos/29.jpg>
Package pdftex.def Info: H:/Gore Cusco/Geragri/programa/analisis datos/fotos/29
.jpg  used on input line 1181.
(pdftex.def)             Requested size: 199.15665pt x 199.15665pt.
[53 <./figure/fig_treintayuno-1.pdf>]
<figure/fig_treintaydos-1.pdf, id=360, 505.89pt x 361.35pt>
File: figure/fig_treintaydos-1.pdf Graphic file (type pdf)
<use figure/fig_treintaydos-1.pdf>
Package pdftex.def Info: figure/fig_treintaydos-1.pdf  used on input line 1206.

(pdftex.def)             Requested size: 345.0pt x 246.43153pt.
[54 <H:/Gore Cusco/Geragri/programa/analisis datos/fotos/29.jpg>]
<H:/Gore Cusco/Geragri/programa/analisis datos/fotos/30.jpg, id=364, 4143.48pt 
x 3107.61pt>
File: H:/Gore Cusco/Geragri/programa/analisis datos/fotos/30.jpg Graphic file (
type jpg)
<use H:/Gore Cusco/Geragri/programa/analisis datos/fotos/30.jpg>
Package pdftex.def Info: H:/Gore Cusco/Geragri/programa/analisis datos/fotos/30
.jpg  used on input line 1210.
(pdftex.def)             Requested size: 199.15665pt x 199.15665pt.
[55 <./figure/fig_treintaydos-1.pdf>]
<figure/fig_treintaytres-1.pdf, id=374, 505.89pt x 361.35pt>
File: figure/fig_treintaytres-1.pdf Graphic file (type pdf)
<use figure/fig_treintaytres-1.pdf>
Package pdftex.def Info: figure/fig_treintaytres-1.pdf  used on input line 1240
.
(pdftex.def)             Requested size: 345.0pt x 246.43153pt.
[56 <H:/Gore Cusco/Geragri/programa/analisis datos/fotos/30.jpg>]
! Too many }'s.
\@endfloatbox ...pagefalse \outer@nobreak \egroup 
                                                  \color@endbox 
l.1244 \end{fotos}
                   
Here is how much of TeX's memory you used:
 4107 strings out of 474490
 84988 string characters out of 5743812
 1935473 words of memory out of 5000000
 26389 multiletter control sequences out of 15000+600000
 558545 words of font info for 38 fonts, out of 8000000 for 9000
 1141 hyphenation exceptions out of 8191
 57i,10n,70p,1923b,311s stack positions out of 10000i,1000n,20000p,200000b,200000s

!  ==> Fatal error occurred, no output PDF file produced!
